Determining if the pthread_create exist failed with the following output:
Change Dir: /home/pi/catkin_ws/build/img_sub/CMakeFiles/CMakeTmp

Run Build Command:"/usr/bin/make" "cmTC_949bc/fast"
/usr/bin/make -f CMakeFiles/cmTC_949bc.dir/build.make CMakeFiles/cmTC_949bc.dir/build
make[1]: Entering directory '/home/pi/catkin_ws/build/img_sub/CMakeFiles/CMakeTmp'
Building C object CMakeFiles/cmTC_949bc.dir/CheckSymbolExists.c.o
/usr/bin/cc     -o CMakeFiles/cmTC_949bc.dir/CheckSymbolExists.c.o   -c /home/pi/catkin_ws/build/img_sub/CMakeFiles/CMakeTmp/CheckSymbolExists.c
Linking C executable cmTC_949bc
/usr/bin/cmake -E cmake_link_script CMakeFiles/cmTC_949bc.dir/link.txt --verbose=1
/usr/bin/cc       CMakeFiles/cmTC_949bc.dir/CheckSymbolExists.c.o  -o cmTC_949bc -rdynamic 
CMakeFiles/cmTC_949bc.dir/CheckSymbolExists.c.o: In function `main':
CheckSymbolExists.c:(.text+0x38): undefined reference to `pthread_create'
collect2: error: ld returned 1 exit status
CMakeFiles/cmTC_949bc.dir/build.make:97: recipe for target 'cmTC_949bc' failed
make[1]: *** [cmTC_949bc] Error 1
make[1]: Leaving directory '/home/pi/catkin_ws/build/img_sub/CMakeFiles/CMakeTmp'
Makefile:126: recipe for target 'cmTC_949bc/fast' failed
make: *** [cmTC_949bc/fast] Error 2

File /home/pi/catkin_ws/build/img_sub/CMakeFiles/CMakeTmp/CheckSymbolExists.c:
/* */
#include <pthread.h>

int main(int argc, char** argv)
{
  (void)argv;
#ifndef pthread_create
  return ((int*)(&pthread_create))[argc];
#else
  (void)argc;
  return 0;
#endif
}

Determining if the function pthread_create exists in the pthreads failed with the following output:
Change Dir: /home/pi/catkin_ws/build/img_sub/CMakeFiles/CMakeTmp

Run Build Command:"/usr/bin/make" "cmTC_1ee64/fast"
/usr/bin/make -f CMakeFiles/cmTC_1ee64.dir/build.make CMakeFiles/cmTC_1ee64.dir/build
make[1]: Entering directory '/home/pi/catkin_ws/build/img_sub/CMakeFiles/CMakeTmp'
Building C object CMakeFiles/cmTC_1ee64.dir/CheckFunctionExists.c.o
/usr/bin/cc    -DCHECK_FUNCTION_EXISTS=pthread_create   -o CMakeFiles/cmTC_1ee64.dir/CheckFunctionExists.c.o   -c /usr/share/cmake-3.6/Modules/CheckFunctionExists.c
Linking C executable cmTC_1ee64
/usr/bin/cmake -E cmake_link_script CMakeFiles/cmTC_1ee64.dir/link.txt --verbose=1
/usr/bin/cc   -DCHECK_FUNCTION_EXISTS=pthread_create    CMakeFiles/cmTC_1ee64.dir/CheckFunctionExists.c.o  -o cmTC_1ee64 -rdynamic -lpthreads 
/usr/bin/ld: cannot find -lpthreads
collect2: error: ld returned 1 exit status
CMakeFiles/cmTC_1ee64.dir/build.make:97: recipe for target 'cmTC_1ee64' failed
make[1]: *** [cmTC_1ee64] Error 1
make[1]: Leaving directory '/home/pi/catkin_ws/build/img_sub/CMakeFiles/CMakeTmp'
Makefile:126: recipe for target 'cmTC_1ee64/fast' failed
make: *** [cmTC_1ee64/fast] Error 2


