Determining if the pthread_create exist failed with the following output:
Change Dir: /home/pi/catkin_ws/build/catkin_tools_prebuild/CMakeFiles/CMakeTmp

Run Build Command:"/usr/bin/make" "cmTC_6a1de/fast"
/usr/bin/make -f CMakeFiles/cmTC_6a1de.dir/build.make CMakeFiles/cmTC_6a1de.dir/build
make[1]: Entering directory '/home/pi/catkin_ws/build/catkin_tools_prebuild/CMakeFiles/CMakeTmp'
Building C object CMakeFiles/cmTC_6a1de.dir/CheckSymbolExists.c.o
/usr/bin/cc     -o CMakeFiles/cmTC_6a1de.dir/CheckSymbolExists.c.o   -c /home/pi/catkin_ws/build/catkin_tools_prebuild/CMakeFiles/CMakeTmp/CheckSymbolExists.c
Linking C executable cmTC_6a1de
/usr/bin/cmake -E cmake_link_script CMakeFiles/cmTC_6a1de.dir/link.txt --verbose=1
/usr/bin/cc       CMakeFiles/cmTC_6a1de.dir/CheckSymbolExists.c.o  -o cmTC_6a1de -rdynamic 
CMakeFiles/cmTC_6a1de.dir/CheckSymbolExists.c.o: In function `main':
CheckSymbolExists.c:(.text+0x38): undefined reference to `pthread_create'
collect2: error: ld returned 1 exit status
CMakeFiles/cmTC_6a1de.dir/build.make:97: recipe for target 'cmTC_6a1de' failed
make[1]: *** [cmTC_6a1de] Error 1
make[1]: Leaving directory '/home/pi/catkin_ws/build/catkin_tools_prebuild/CMakeFiles/CMakeTmp'
Makefile:126: recipe for target 'cmTC_6a1de/fast' failed
make: *** [cmTC_6a1de/fast] Error 2

File /home/pi/catkin_ws/build/catkin_tools_prebuild/CMakeFiles/CMakeTmp/CheckSymbolExists.c:
/* */
#include <pthread.h>

int main(int argc, char** argv)
{
  (void)argv;
#ifndef pthread_create
  return ((int*)(&pthread_create))[argc];
#else
  (void)argc;
  return 0;
#endif
}

Determining if the function pthread_create exists in the pthreads failed with the following output:
Change Dir: /home/pi/catkin_ws/build/catkin_tools_prebuild/CMakeFiles/CMakeTmp

Run Build Command:"/usr/bin/make" "cmTC_69895/fast"
/usr/bin/make -f CMakeFiles/cmTC_69895.dir/build.make CMakeFiles/cmTC_69895.dir/build
make[1]: Entering directory '/home/pi/catkin_ws/build/catkin_tools_prebuild/CMakeFiles/CMakeTmp'
Building C object CMakeFiles/cmTC_69895.dir/CheckFunctionExists.c.o
/usr/bin/cc    -DCHECK_FUNCTION_EXISTS=pthread_create   -o CMakeFiles/cmTC_69895.dir/CheckFunctionExists.c.o   -c /usr/share/cmake-3.6/Modules/CheckFunctionExists.c
Linking C executable cmTC_69895
/usr/bin/cmake -E cmake_link_script CMakeFiles/cmTC_69895.dir/link.txt --verbose=1
/usr/bin/cc   -DCHECK_FUNCTION_EXISTS=pthread_create    CMakeFiles/cmTC_69895.dir/CheckFunctionExists.c.o  -o cmTC_69895 -rdynamic -lpthreads 
/usr/bin/ld: cannot find -lpthreads
collect2: error: ld returned 1 exit status
CMakeFiles/cmTC_69895.dir/build.make:97: recipe for target 'cmTC_69895' failed
make[1]: *** [cmTC_69895] Error 1
make[1]: Leaving directory '/home/pi/catkin_ws/build/catkin_tools_prebuild/CMakeFiles/CMakeTmp'
Makefile:126: recipe for target 'cmTC_69895/fast' failed
make: *** [cmTC_69895/fast] Error 2


