Determining if the pthread_create exist failed with the following output:
Change Dir: /home/pi/catkin_ws/build/hello_world/CMakeFiles/CMakeTmp

Run Build Command:"/usr/bin/make" "cmTC_d8c7c/fast"
/usr/bin/make -f CMakeFiles/cmTC_d8c7c.dir/build.make CMakeFiles/cmTC_d8c7c.dir/build
make[1]: Entering directory '/home/pi/catkin_ws/build/hello_world/CMakeFiles/CMakeTmp'
Building C object CMakeFiles/cmTC_d8c7c.dir/CheckSymbolExists.c.o
/usr/bin/cc     -o CMakeFiles/cmTC_d8c7c.dir/CheckSymbolExists.c.o   -c /home/pi/catkin_ws/build/hello_world/CMakeFiles/CMakeTmp/CheckSymbolExists.c
Linking C executable cmTC_d8c7c
/usr/bin/cmake -E cmake_link_script CMakeFiles/cmTC_d8c7c.dir/link.txt --verbose=1
/usr/bin/cc       CMakeFiles/cmTC_d8c7c.dir/CheckSymbolExists.c.o  -o cmTC_d8c7c -rdynamic 
CMakeFiles/cmTC_d8c7c.dir/CheckSymbolExists.c.o: In function `main':
CheckSymbolExists.c:(.text+0x38): undefined reference to `pthread_create'
collect2: error: ld returned 1 exit status
CMakeFiles/cmTC_d8c7c.dir/build.make:97: recipe for target 'cmTC_d8c7c' failed
make[1]: *** [cmTC_d8c7c] Error 1
make[1]: Leaving directory '/home/pi/catkin_ws/build/hello_world/CMakeFiles/CMakeTmp'
Makefile:126: recipe for target 'cmTC_d8c7c/fast' failed
make: *** [cmTC_d8c7c/fast] Error 2

File /home/pi/catkin_ws/build/hello_world/CMakeFiles/CMakeTmp/CheckSymbolExists.c:
/* */
#include <pthread.h>

int main(int argc, char** argv)
{
  (void)argv;
#ifndef pthread_create
  return ((int*)(&pthread_create))[argc];
#else
  (void)argc;
  return 0;
#endif
}

Determining if the function pthread_create exists in the pthreads failed with the following output:
Change Dir: /home/pi/catkin_ws/build/hello_world/CMakeFiles/CMakeTmp

Run Build Command:"/usr/bin/make" "cmTC_12d5c/fast"
/usr/bin/make -f CMakeFiles/cmTC_12d5c.dir/build.make CMakeFiles/cmTC_12d5c.dir/build
make[1]: Entering directory '/home/pi/catkin_ws/build/hello_world/CMakeFiles/CMakeTmp'
Building C object CMakeFiles/cmTC_12d5c.dir/CheckFunctionExists.c.o
/usr/bin/cc    -DCHECK_FUNCTION_EXISTS=pthread_create   -o CMakeFiles/cmTC_12d5c.dir/CheckFunctionExists.c.o   -c /usr/share/cmake-3.6/Modules/CheckFunctionExists.c
Linking C executable cmTC_12d5c
/usr/bin/cmake -E cmake_link_script CMakeFiles/cmTC_12d5c.dir/link.txt --verbose=1
/usr/bin/cc   -DCHECK_FUNCTION_EXISTS=pthread_create    CMakeFiles/cmTC_12d5c.dir/CheckFunctionExists.c.o  -o cmTC_12d5c -rdynamic -lpthreads 
/usr/bin/ld: cannot find -lpthreads
collect2: error: ld returned 1 exit status
CMakeFiles/cmTC_12d5c.dir/build.make:97: recipe for target 'cmTC_12d5c' failed
make[1]: *** [cmTC_12d5c] Error 1
make[1]: Leaving directory '/home/pi/catkin_ws/build/hello_world/CMakeFiles/CMakeTmp'
Makefile:126: recipe for target 'cmTC_12d5c/fast' failed
make: *** [cmTC_12d5c/fast] Error 2


